<?xml version='1.0' encoding='UTF-8'?>
<testsuite hostname="galya777-ROG-Strix-G513RC-G513RC" name="musicapp.MusicAppTest" tests="9" errors="0" failures="0" skipped="0" time="0.015" timestamp="2026-05-03T16:28:57">
          <properties>
[...]
</properties>
          <testcase classname="musicapp.MusicAppTest" name="User should serialize and deserialize correctly" time="0.011">
                      
                    </testcase><testcase classname="musicapp.MusicAppTest" name="Playlist should serialize and deserialize correctly" time="0.001">
                      
                    </testcase><testcase classname="musicapp.MusicAppTest" name="Command parser should parse register command" time="0.001">
                      
                    </testcase><testcase classname="musicapp.MusicAppTest" name="Command parser should parse login command" time="0.001">
                      
                    </testcase><testcase classname="musicapp.MusicAppTest" name="Command parser should parse search command with multiple words" time="0.0">
                      
                    </testcase><testcase classname="musicapp.MusicAppTest" name="Command parser should parse top command" time="0.0">
                      
                    </testcase><testcase classname="musicapp.MusicAppTest" name="Command parser should return error for invalid top command" time="0.001">
                      
                    </testcase><testcase classname="musicapp.MusicAppTest" name="Command parser should return error for unknown command" time="0.0">
                      
                    </testcase><testcase classname="musicapp.MusicAppTest" name="AudioFormatInfo should be serializable to stream" time="0.0">
                      
                    </testcase>
          <system-out><![CDATA[]]></system-out>
          <system-err><![CDATA[]]></system-err>
        </testsuite>